23/01/22 22:14:21 INFO hello-spark: Starting hello spark
23/01/22 22:14:21 INFO hello-spark: spark.app.id=local-1674454459348
spark.app.name=hello-spark
spark.app.startTime=1674454457730
spark.app.submitTime=1674454457448
spark.driver.extraJavaOptions=-XX:+IgnoreUnrecognizedVMOptions --add-opens=java.base/java.lang=ALL-UNNAMED --add-opens=java.base/java.lang.invoke=ALL-UNNAMED --add-opens=java.base/java.lang.reflect=ALL-UNNAMED --add-opens=java.base/java.io=ALL-UNNAMED --add-opens=java.base/java.net=ALL-UNNAMED --add-opens=java.base/java.nio=ALL-UNNAMED --add-opens=java.base/java.util=ALL-UNNAMED --add-opens=java.base/java.util.concurrent=ALL-UNNAMED --add-opens=java.base/java.util.concurrent.atomic=ALL-UNNAMED --add-opens=java.base/sun.nio.ch=ALL-UNNAMED --add-opens=java.base/sun.nio.cs=ALL-UNNAMED --add-opens=java.base/sun.security.action=ALL-UNNAMED --add-opens=java.base/sun.util.calendar=ALL-UNNAMED --add-opens=java.security.jgss/sun.security.krb5=ALL-UNNAMED -Dlog4j.configuration=file:log4j.properties -Dspark.yarn.app.container.log.dir=app-logs -Dlogfile.name=hello-spark
spark.driver.host=10.0.0.89
spark.driver.port=64743
spark.executor.extraJavaOptions=-XX:+IgnoreUnrecognizedVMOptions --add-opens=java.base/java.lang=ALL-UNNAMED --add-opens=java.base/java.lang.invoke=ALL-UNNAMED --add-opens=java.base/java.lang.reflect=ALL-UNNAMED --add-opens=java.base/java.io=ALL-UNNAMED --add-opens=java.base/java.net=ALL-UNNAMED --add-opens=java.base/java.nio=ALL-UNNAMED --add-opens=java.base/java.util=ALL-UNNAMED --add-opens=java.base/java.util.concurrent=ALL-UNNAMED --add-opens=java.base/java.util.concurrent.atomic=ALL-UNNAMED --add-opens=java.base/sun.nio.ch=ALL-UNNAMED --add-opens=java.base/sun.nio.cs=ALL-UNNAMED --add-opens=java.base/sun.security.action=ALL-UNNAMED --add-opens=java.base/sun.util.calendar=ALL-UNNAMED --add-opens=java.security.jgss/sun.security.krb5=ALL-UNNAMED
spark.executor.id=driver
spark.master=local[3]
spark.rdd.compress=True
spark.serializer.objectStreamReset=100
spark.sql.warehouse.dir=file:/Users/nileshvarshney/learning/github-repo/pyspark/basic_pyspark/spark-warehouse
spark.submit.deployMode=client
spark.submit.pyFiles=
spark.ui.showConsoleProgress=true
spark.yarn.app.container.log.dir=app-logs
23/01/22 22:14:41 INFO hello-spark: [[United States, 4], [Canada, 2], [United Kingdom, 1]]
23/01/22 22:14:41 INFO hello-spark: Finish hello spark
